,
Reddit,
Whatsapp,
copyLink,
copyLink,
Reddit,
copyLink,
copyLink,
copyLink,
Whatsapp,
Twitter,
Whatsapp,
copyLink,
Facebook,
Twitter,
Twitter,
Facebook,
Twitter,
Facebook,
Facebook,
Twitter,
Twitter,
copyLink,
Reddit,
Reddit,
Reddit,
Reddit,
Reddit,
Reddit,
Reddit,
Reddit,
Reddit,
Reddit,
Reddit,
Reddit,
Reddit,
Reddit,
Reddit,
Reddit,
Reddit,
Reddit,
Reddit,
Reddit,
Reddit,
Reddit,
Reddit,
Reddit,
Reddit,
Reddit,
Whatsapp,
Whatsapp,
Whatsapp,
Whatsapp,
Whatsapp,
Facebook,
Twitter,
Facebook,
Twitter,
Reddit,
Reddit,
Reddit,
Reddit,
Reddit,
Facebook,
Facebook,
Facebook,
copyLink,
Whatsapp,
Whatsapp,
Whatsapp,
Whatsapp,
Whatsapp,
Whatsapp,
Facebook,
Facebook,
Whatsapp,
Facebook,
Facebook,
Facebook,
Whatsapp,
facebook,
whatsapp,
copyLink,
email,
whatsapp,
reddit,
youtube_click,
email,
copyLink,
whatsapp,
whatsapp,
31_click,
31_match,
3_match,
31_match,
31_match,
facebook_share,
twitter_share,
reddit_share,
whatsapp_share,
email_share,
copyURL_share,
copyURL_share,
wikipedia_click,
mlmtruth_click,
youtube_click,
reddit_click,
h_match,
he_match,
her_match,
herb_match,
herba_match,
herbal_match,
herbali_match,
herbalif_match,
herbalife_match,
herbalife_match,
_match,
herbalife_match,
herbalife_match,
herbalife_match,
herbalif_match,
herbalife_match,
herbalife_match,
herbalife_match,
herbalife_match,
herbalif_match,
herbalife_match,
herbalif_match,
herbalife_match,
herbalife_match,
herbalife_match,
herbalife_match,
eherbalife_match,
herbalife_match,
herbalife_match,
herbalife_match,
herbalife_match,
herbalife_match,
herbalife_match,
herbalife_match,
herbalif_match,
herbalife_match,
herbalif_match,
herbalife_match,
email_share,
whatsapp_share,
reddit_share,
twitter_share,
facebook_share,
copyURL_share,
herbalifed_match,
herbalifeds_match,
herbalifedsa_match,
herbalifedsad_match,
_match,
 _match,
_match,
 _match,
herbalife_match,
herbalife_match,
herbalife_match,
herbalife_match,
twitter_share,
copyURL_share,
youtube_click,
herbalife_match,
herbalife_match,
herbalife_match,
copyURL_share,
herbalife_match,
twitter_share,
youtube_click,
twitter_share,
herbalife_match,
herbalife_match,
herbalife_match,
reddit_share,
herbalife_match,
herbalife_match,
twitter_share,
herbalife_match,
herbalife_match,
herbalife_match,
herbalife_match,
herbalife_match,
herbalife_match,
herbalife_match,
herbalife_match,
herbalife_match,
herbalife_match,
herbalife_match,
herbalife_match,
herbalife_match,
herbalife_match,
herbalife_match,
herbalife_match,
herbalife_match,
herbalife_match,
herbalife_match,
herbalife_match,
twitter_share,
_visitor,
_visitor,
herbalife_match,
herbalife_left,
herbalife_match,
_visitor,
_visitor,
_visitor,
herbalife_match,
herbalife_match,
herbalife_match,
herbalife_match,
herbalife_match,
_visitor,
__no_name_left,
__no_name_left,
_visitor,
_visitor,
_visitor,
_visitor,
_visitor,
_visitor,
_visitor,
_visitor,
_visitor,
_visitor,
_visitor,
_visitor,
_visitor,
dsadas_left,
_visitor,
dasdas_left,
_visitor,
dsadas_left,
_visitor,
dsada_left,
_visitor,
dasdsa_left,
_visitor,
_visitor,
__no_name_checked,
__no_name_checked,
__no_name_checked,
a_checked,
__no_name_checked,
herbalife_match,
herbalife_checked,
herbalife_checked,
herbalife_checked,
__no_name_checked,
das_checked,
das_checked,
__no_name_checked,
__no_name_checked,
__no_name_checked